<?xml version="1.0" encoding="UTF-8" ?>
<testsuite tests="11" failures="0" name="ru.job4j.collection.DeleteFirstLinkedTest" time="0.002" errors="0" skipped="0">
  <properties>
[...]
</properties>
  <testcase classname="ru.job4j.collection.DeleteFirstLinkedTest" name="whenSingleAddThenRightLastDel" time="0"/>
  <testcase classname="ru.job4j.collection.DeleteFirstLinkedTest" name="whenDeleteEmptyLinked" time="0"/>
  <testcase classname="ru.job4j.collection.DeleteFirstLinkedTest" name="whenFullEmptyThenIsEmpty" time="0"/>
  <testcase classname="ru.job4j.collection.DeleteFirstLinkedTest" name="whenDeleteLastThenNSEException" time="0"/>
  <testcase classname="ru.job4j.collection.DeleteFirstLinkedTest" name="when3Add2DeleteThenNotEmpty" time="0"/>
  <testcase classname="ru.job4j.collection.DeleteFirstLinkedTest" name="whenDeleteFirst" time="0.001"/>
  <testcase classname="ru.job4j.collection.DeleteFirstLinkedTest" name="whenFindLastThenLast" time="0.001"/>
  <testcase classname="ru.job4j.collection.DeleteFirstLinkedTest" name="whenEmptyThenIsEmpty" time="0"/>
  <testcase classname="ru.job4j.collection.DeleteFirstLinkedTest" name="whenMultiDelete" time="0"/>
  <testcase classname="ru.job4j.collection.DeleteFirstLinkedTest" name="whenDelLastThenRightResult" time="0"/>
  <testcase classname="ru.job4j.collection.DeleteFirstLinkedTest" name="whenFirstDelThenRightResult" time="0"/>
</testsuite>